[21-Jan-2021 10:05:48 Europe/Berlin] This is an error message!
[21-Jan-2021 10:05:48 Europe/Berlin] This is an error message!
[21-Jan-2021 10:05:49 Europe/Berlin] This is an error message!
[21-Jan-2021 10:05:49 Europe/Berlin] This is an error message!
[21-Jan-2021 10:05:50 Europe/Berlin] This is an error message!
[21-Jan-2021 10:05:50 Europe/Berlin] This is an error message!
[21-Jan-2021 14:37:03 Asia/Kolkata] This is an error message!
[21-Jan-2021 14:37:04 Asia/Kolkata] This is an error message!
[21-Jan-2021 14:37:04 Asia/Kolkata] This is an error message!
[21-Jan-2021 14:37:05 Asia/Kolkata] This is an error message!
[21-Jan-2021 14:37:05 Asia/Kolkata] This is an error message!
[21-Jan-2021 14:37:06 Asia/Kolkata] This is an error message!
[21-Jan-2021 14:38:43 Asia/Kolkata] The access token has expired.fornewjplus
[21-Jan-2021 14:38:43 Asia/Kolkata] Invalid type (date required) for `created_after' parameterforTamil
[21-Jan-2021 14:38:43 Asia/Kolkata] Invalid type (date required) for `created_after' parameterforBangla
[21-Jan-2021 14:38:44 Asia/Kolkata] Invalid type (date required) for `created_after' parameterforKannada
[21-Jan-2021 14:38:44 Asia/Kolkata] Invalid type (date required) for `created_after' parameterforMarathi
[21-Jan-2021 14:38:45 Asia/Kolkata] Invalid type (date required) for `created_after' parameterforEnglish
[21-Jan-2021 14:45:03 Asia/Kolkata] The access token has expired.for newjplus
[21-Jan-2021 14:45:03 Asia/Kolkata] Invalid type (date required) for `created_after' parameterfor Tamil
[21-Jan-2021 14:45:03 Asia/Kolkata] Invalid type (date required) for `created_after' parameterfor Bangla
[21-Jan-2021 14:45:04 Asia/Kolkata] Invalid type (date required) for `created_after' parameterfor Kannada
[21-Jan-2021 14:45:04 Asia/Kolkata] Invalid type (date required) for `created_after' parameterfor Marathi
[21-Jan-2021 14:45:05 Asia/Kolkata] Invalid type (date required) for `created_after' parameterfor English
[21-Jan-2021 14:45:28 Asia/Kolkata] The access token has expired.for newjplus
[21-Jan-2021 14:45:28 Asia/Kolkata] Invalid type (date required) for `created_after' parameterfor Tamil
[21-Jan-2021 14:45:29 Asia/Kolkata] Invalid type (date required) for `created_after' parameterfor Bangla
[21-Jan-2021 14:45:29 Asia/Kolkata] Invalid type (date required) for `created_after' parameterfor Kannada
[21-Jan-2021 14:45:30 Asia/Kolkata] Invalid type (date required) for `created_after' parameterfor Marathi
[21-Jan-2021 14:45:30 Asia/Kolkata] Invalid type (date required) for `created_after' parameterfor English
[21-Jan-2021 14:45:37 Asia/Kolkata] The access token has expired.for newjplus
[21-Jan-2021 14:45:37 Asia/Kolkata] Invalid type (date required) for `created_after' parameterfor Tamil
[21-Jan-2021 14:45:38 Asia/Kolkata] Invalid type (date required) for `created_after' parameterfor Bangla
[21-Jan-2021 14:45:38 Asia/Kolkata] Invalid type (date required) for `created_after' parameterfor Kannada
[21-Jan-2021 14:45:39 Asia/Kolkata] Invalid type (date required) for `created_after' parameterfor Marathi
[21-Jan-2021 14:45:39 Asia/Kolkata] Invalid type (date required) for `created_after' parameterfor English
[21-Jan-2021 14:46:33 Asia/Kolkata] The access token has expired. for newjplus
[21-Jan-2021 14:46:33 Asia/Kolkata] Invalid type (date required) for `created_after' parameter for Tamil
[21-Jan-2021 14:46:34 Asia/Kolkata] Invalid type (date required) for `created_after' parameter for Bangla
[21-Jan-2021 14:46:34 Asia/Kolkata] Invalid type (date required) for `created_after' parameter for Kannada
[21-Jan-2021 14:46:35 Asia/Kolkata] Invalid type (date required) for `created_after' parameter for Marathi
[21-Jan-2021 14:46:35 Asia/Kolkata] Invalid type (date required) for `created_after' parameter for English
[21-Jan-2021 14:48:38 Asia/Kolkata] The access token has expired. for newjplus
[21-Jan-2021 14:48:56 Asia/Kolkata] The access token has expired. for newjplus
[21-Jan-2021 15:15:05 Asia/Kolkata] The access token has expired. for newjplus
[21-Jan-2021 15:15:17 Asia/Kolkata] The access token has expired. for newjplus
[21-Jan-2021 15:32:27 Asia/Kolkata] The access token has expired. for newjplus
[21-Jan-2021 15:33:41 Asia/Kolkata] The access token has expired. for newjplus
[21-Jan-2021 16:00:39 Asia/Kolkata] The access token has expired. for newjplus
[21-Jan-2021 16:01:05 Asia/Kolkata] The access token has expired. for newjplus
[21-Jan-2021 16:01:05 Asia/Kolkata] PHP Notice:  Trying to get property 'num_rows' of non-object in C:\xampp\htdocs\dailymotion\videos-daily.php on line 97
[21-Jan-2021 16:01:05 Asia/Kolkata] PHP Notice:  Trying to get property 'num_rows' of non-object in C:\xampp\htdocs\dailymotion\videos-daily.php on line 97
[21-Jan-2021 16:01:05 Asia/Kolkata] PHP Notice:  Trying to get property 'num_rows' of non-object in C:\xampp\htdocs\dailymotion\videos-daily.php on line 97
[21-Jan-2021 16:01:05 Asia/Kolkata] PHP Notice:  Trying to get property 'num_rows' of non-object in C:\xampp\htdocs\dailymotion\videos-daily.php on line 97
[21-Jan-2021 16:01:05 Asia/Kolkata] PHP Notice:  Trying to get property 'num_rows' of non-object in C:\xampp\htdocs\dailymotion\videos-daily.php on line 97
[21-Jan-2021 16:01:05 Asia/Kolkata] PHP Notice:  Trying to get property 'num_rows' of non-object in C:\xampp\htdocs\dailymotion\videos-daily.php on line 97
[21-Jan-2021 16:01:05 Asia/Kolkata] PHP Notice:  Trying to get property 'num_rows' of non-object in C:\xampp\htdocs\dailymotion\videos-daily.php on line 97
[21-Jan-2021 16:01:05 Asia/Kolkata] PHP Notice:  Trying to get property 'num_rows' of non-object in C:\xampp\htdocs\dailymotion\videos-daily.php on line 97
[21-Jan-2021 16:01:05 Asia/Kolkata] PHP Notice:  Trying to get property 'num_rows' of non-object in C:\xampp\htdocs\dailymotion\videos-daily.php on line 97
[21-Jan-2021 16:01:05 Asia/Kolkata] PHP Notice:  Trying to get property 'num_rows' of non-object in C:\xampp\htdocs\dailymotion\videos-daily.php on line 97
[21-Jan-2021 16:01:05 Asia/Kolkata] PHP Notice:  Trying to get property 'num_rows' of non-object in C:\xampp\htdocs\dailymotion\videos-daily.php on line 97
[21-Jan-2021 16:01:05 Asia/Kolkata] PHP Notice:  Trying to get property 'num_rows' of non-object in C:\xampp\htdocs\dailymotion\videos-daily.php on line 97
[21-Jan-2021 16:01:05 Asia/Kolkata] PHP Notice:  Trying to get property 'num_rows' of non-object in C:\xampp\htdocs\dailymotion\videos-daily.php on line 97
[21-Jan-2021 16:01:06 Asia/Kolkata] PHP Notice:  Trying to get property 'num_rows' of non-object in C:\xampp\htdocs\dailymotion\videos-daily.php on line 97
[21-Jan-2021 16:01:06 Asia/Kolkata] PHP Notice:  Trying to get property 'num_rows' of non-object in C:\xampp\htdocs\dailymotion\videos-daily.php on line 97
[21-Jan-2021 16:01:06 Asia/Kolkata] PHP Notice:  Trying to get property 'num_rows' of non-object in C:\xampp\htdocs\dailymotion\videos-daily.php on line 97
[21-Jan-2021 16:01:06 Asia/Kolkata] PHP Notice:  Trying to get property 'num_rows' of non-object in C:\xampp\htdocs\dailymotion\videos-daily.php on line 97
[21-Jan-2021 16:01:25 Asia/Kolkata] The access token has expired. for newjplus
[21-Jan-2021 16:01:25 Asia/Kolkata] PHP Notice:  Trying to get property 'num_rows' of non-object in C:\xampp\htdocs\dailymotion\videos-daily.php on line 97
[21-Jan-2021 16:01:25 Asia/Kolkata] PHP Notice:  Trying to get property 'num_rows' of non-object in C:\xampp\htdocs\dailymotion\videos-daily.php on line 97
[21-Jan-2021 16:01:25 Asia/Kolkata] PHP Notice:  Trying to get property 'num_rows' of non-object in C:\xampp\htdocs\dailymotion\videos-daily.php on line 97
[21-Jan-2021 16:01:25 Asia/Kolkata] PHP Notice:  Trying to get property 'num_rows' of non-object in C:\xampp\htdocs\dailymotion\videos-daily.php on line 97
[21-Jan-2021 16:01:25 Asia/Kolkata] PHP Notice:  Trying to get property 'num_rows' of non-object in C:\xampp\htdocs\dailymotion\videos-daily.php on line 97
[21-Jan-2021 16:01:25 Asia/Kolkata] PHP Notice:  Trying to get property 'num_rows' of non-object in C:\xampp\htdocs\dailymotion\videos-daily.php on line 97
[21-Jan-2021 16:01:25 Asia/Kolkata] PHP Notice:  Trying to get property 'num_rows' of non-object in C:\xampp\htdocs\dailymotion\videos-daily.php on line 97
[21-Jan-2021 16:01:25 Asia/Kolkata] PHP Notice:  Trying to get property 'num_rows' of non-object in C:\xampp\htdocs\dailymotion\videos-daily.php on line 97
[21-Jan-2021 16:01:25 Asia/Kolkata] PHP Notice:  Trying to get property 'num_rows' of non-object in C:\xampp\htdocs\dailymotion\videos-daily.php on line 97
[21-Jan-2021 16:01:25 Asia/Kolkata] PHP Notice:  Trying to get property 'num_rows' of non-object in C:\xampp\htdocs\dailymotion\videos-daily.php on line 97
[21-Jan-2021 16:01:25 Asia/Kolkata] PHP Notice:  Trying to get property 'num_rows' of non-object in C:\xampp\htdocs\dailymotion\videos-daily.php on line 97
[21-Jan-2021 16:01:25 Asia/Kolkata] PHP Notice:  Trying to get property 'num_rows' of non-object in C:\xampp\htdocs\dailymotion\videos-daily.php on line 97
[21-Jan-2021 16:01:25 Asia/Kolkata] PHP Notice:  Trying to get property 'num_rows' of non-object in C:\xampp\htdocs\dailymotion\videos-daily.php on line 97
[21-Jan-2021 16:01:25 Asia/Kolkata] PHP Notice:  Trying to get property 'num_rows' of non-object in C:\xampp\htdocs\dailymotion\videos-daily.php on line 97
[21-Jan-2021 16:01:25 Asia/Kolkata] PHP Notice:  Trying to get property 'num_rows' of non-object in C:\xampp\htdocs\dailymotion\videos-daily.php on line 97
[21-Jan-2021 16:01:25 Asia/Kolkata] PHP Notice:  Trying to get property 'num_rows' of non-object in C:\xampp\htdocs\dailymotion\videos-daily.php on line 97
[21-Jan-2021 16:01:25 Asia/Kolkata] PHP Notice:  Trying to get property 'num_rows' of non-object in C:\xampp\htdocs\dailymotion\videos-daily.php on line 97
[21-Jan-2021 16:03:28 Asia/Kolkata] The access token has expired. for newjplus
[21-Jan-2021 16:04:14 Asia/Kolkata] The access token has expired. for newjplus
[21-Jan-2021 16:04:42 Asia/Kolkata] The access token has expired. for newjplus
[21-Jan-2021 16:06:21 Asia/Kolkata] The access token has expired. for newjplus
[21-Jan-2021 16:06:25 Asia/Kolkata] The access token has expired. for newjplus
[21-Jan-2021 16:07:34 Asia/Kolkata] The access token has expired. for newjplus
[21-Jan-2021 16:07:42 Asia/Kolkata] The access token has expired. for newjplus
[21-Jan-2021 16:07:46 Asia/Kolkata] The access token has expired. for newjplus
[21-Jan-2021 16:10:09 Asia/Kolkata] The access token has expired. for newjplus
[21-Jan-2021 16:10:11 Asia/Kolkata] The access token has expired. for newjplus
[21-Jan-2021 16:13:45 Asia/Kolkata] The access token has expired. for newjplus
[21-Jan-2021 16:13:50 Asia/Kolkata] The access token has expired. for newjplus
[21-Jan-2021 16:15:43 Asia/Kolkata] The access token has expired. for newjplus
[21-Jan-2021 16:16:28 Asia/Kolkata] The access token has expired. for newjplus
[21-Jan-2021 16:23:18 Asia/Kolkata] The access token has expired. for newjplus
[21-Jan-2021 16:57:07 Asia/Kolkata] The access token has expired. for newjplus
[22-Jan-2021 09:17:18 Asia/Kolkata] The access token has expired. for newjplus
[22-Jan-2021 09:17:18 Asia/Kolkata] The access token has expired. for Tamil
[22-Jan-2021 09:17:18 Asia/Kolkata] The access token has expired. for Bangla
[22-Jan-2021 09:17:19 Asia/Kolkata] The access token has expired. for Kannada
[22-Jan-2021 09:17:19 Asia/Kolkata] The access token has expired. for Marathi
[22-Jan-2021 09:17:19 Asia/Kolkata] The access token has expired. for English
[22-Jan-2021 09:17:22 Asia/Kolkata] The access token has expired. for newjplus
[22-Jan-2021 09:17:23 Asia/Kolkata] The access token has expired. for Tamil
[22-Jan-2021 09:17:23 Asia/Kolkata] The access token has expired. for Bangla
[22-Jan-2021 09:17:23 Asia/Kolkata] The access token has expired. for Kannada
[22-Jan-2021 09:17:23 Asia/Kolkata] The access token has expired. for Marathi
[22-Jan-2021 09:17:23 Asia/Kolkata] The access token has expired. for English
[22-Jan-2021 09:19:50 Asia/Kolkata] The access token has expired. for newjplus
[22-Jan-2021 09:19:51 Asia/Kolkata] The access token has expired. for Tamil
[22-Jan-2021 09:19:51 Asia/Kolkata] The access token has expired. for Bangla
[22-Jan-2021 09:19:51 Asia/Kolkata] The access token has expired. for Kannada
[22-Jan-2021 09:19:51 Asia/Kolkata] The access token has expired. for Marathi
[22-Jan-2021 09:19:51 Asia/Kolkata] The access token has expired. for English
[22-Jan-2021 09:23:18 Asia/Kolkata] The access token has expired. for newjplus
[22-Jan-2021 09:23:18 Asia/Kolkata] The access token has expired. for Tamil
[22-Jan-2021 09:23:18 Asia/Kolkata] The access token has expired. for Bangla
[22-Jan-2021 09:23:18 Asia/Kolkata] The access token has expired. for Kannada
[22-Jan-2021 09:23:18 Asia/Kolkata] The access token has expired. for Marathi
[22-Jan-2021 09:23:18 Asia/Kolkata] The access token has expired. for English
[22-Jan-2021 09:23:19 Asia/Kolkata] The access token has expired. for newjplus
[22-Jan-2021 09:23:19 Asia/Kolkata] The access token has expired. for Tamil
[22-Jan-2021 09:23:19 Asia/Kolkata] The access token has expired. for Bangla
[22-Jan-2021 09:23:19 Asia/Kolkata] The access token has expired. for Kannada
[22-Jan-2021 09:23:20 Asia/Kolkata] The access token has expired. for Marathi
[22-Jan-2021 09:23:20 Asia/Kolkata] The access token has expired. for English
[22-Jan-2021 05:29:24 Europe/Berlin] Invalid credentials. for dm.thenewj@gmail.com
[22-Jan-2021 10:00:25 Asia/Kolkata] Invalid credentials. for dm.thenewj@gmail.com
[22-Jan-2021 10:02:50 Asia/Kolkata] The access token has expired. for newjplus
[22-Jan-2021 10:03:28 Asia/Kolkata] The access token has expired. for newjplus
[22-Jan-2021 10:04:47 Asia/Kolkata] The access token has expired. for newjplus
[22-Jan-2021 10:22:33 Asia/Kolkata] The access token has expired. for newjplus
[25-Jan-2021 13:04:31 Asia/Kolkata] The access token has expired. for newjplus
[25-Jan-2021 13:04:31 Asia/Kolkata] The access token has expired. for Tamil
[25-Jan-2021 13:04:31 Asia/Kolkata] The access token has expired. for Bangla
[25-Jan-2021 13:04:31 Asia/Kolkata] The access token has expired. for Kannada
[25-Jan-2021 13:04:31 Asia/Kolkata] The access token has expired. for Marathi
[25-Jan-2021 13:04:31 Asia/Kolkata] The access token has expired. for English
[25-Jan-2021 13:04:34 Asia/Kolkata] The access token has expired. for newjplus
[25-Jan-2021 13:04:34 Asia/Kolkata] The access token has expired. for Tamil
[25-Jan-2021 13:04:34 Asia/Kolkata] The access token has expired. for Bangla
[25-Jan-2021 13:04:34 Asia/Kolkata] The access token has expired. for Kannada
[25-Jan-2021 13:04:34 Asia/Kolkata] The access token has expired. for Marathi
[25-Jan-2021 13:04:35 Asia/Kolkata] The access token has expired. for English
[25-Jan-2021 13:07:11 Asia/Kolkata] The access token has expired. for newjplus
[25-Jan-2021 13:07:12 Asia/Kolkata] The access token has expired. for Tamil
[25-Jan-2021 13:07:12 Asia/Kolkata] The access token has expired. for Bangla
[25-Jan-2021 13:07:12 Asia/Kolkata] The access token has expired. for Kannada
[25-Jan-2021 13:07:12 Asia/Kolkata] The access token has expired. for Marathi
[25-Jan-2021 13:07:12 Asia/Kolkata] The access token has expired. for English
[25-Jan-2021 13:07:49 Asia/Kolkata] Invalid credentials. for dm.thenewj@gmail.com
[25-Jan-2021 13:07:59 Asia/Kolkata] Invalid credentials. for dm.thenewj@gmail.com
[25-Jan-2021 13:09:05 Asia/Kolkata] The access token has expired. for newjplus
[25-Jan-2021 13:09:37 Asia/Kolkata] The access token has expired. for newjplus
[25-Jan-2021 13:11:26 Asia/Kolkata] The access token has expired. for newjplus
[25-Jan-2021 13:24:30 Asia/Kolkata] Invalid credentials. for dm.thenewj@gmail.com
[25-Jan-2021 13:24:34 Asia/Kolkata] Invalid credentials. for dm.thenewj@gmail.com
[25-Jan-2021 13:25:00 Asia/Kolkata] Invalid credentials. for dm.thenewj@gmail.com
[25-Jan-2021 13:25:06 Asia/Kolkata] Invalid credentials. for dm.thenewj@gmail.com
[25-Jan-2021 13:26:47 Asia/Kolkata] Invalid credentials. for dm.thenewj@gmail.com
[25-Jan-2021 13:26:54 Asia/Kolkata] Invalid credentials. for dm.thenewj@gmail.com
[25-Jan-2021 13:29:50 Asia/Kolkata] Invalid credentials. for dm.thenewj@gmail.com
[25-Jan-2021 13:29:58 Asia/Kolkata] Invalid credentials. for dm.thenewj@gmail.com
[27-Jan-2021 09:50:27 Asia/Kolkata] The access token has expired. for newjplus
[27-Jan-2021 09:50:27 Asia/Kolkata] The access token has expired. for Tamil
[27-Jan-2021 09:50:28 Asia/Kolkata] The access token has expired. for Bangla
[27-Jan-2021 09:50:28 Asia/Kolkata] The access token has expired. for Kannada
[27-Jan-2021 09:50:28 Asia/Kolkata] The access token has expired. for Marathi
[27-Jan-2021 09:50:28 Asia/Kolkata] The access token has expired. for English
[27-Jan-2021 09:51:28 Asia/Kolkata] Invalid credentials. for dm.thenewj@gmail.com
[27-Jan-2021 09:51:32 Asia/Kolkata] Invalid credentials. for dm.thenewj@gmail.com
[27-Jan-2021 09:52:04 Asia/Kolkata] The access token has expired. for newjplus
[27-Jan-2021 09:52:11 Asia/Kolkata] The access token has expired. for newjplus
[27-Jan-2021 09:53:37 Asia/Kolkata] The access token has expired. for newjplus
[27-Jan-2021 09:53:40 Asia/Kolkata] The access token has expired. for newjplus
[27-Jan-2021 09:54:54 Asia/Kolkata] The access token has expired. for newjplus
[27-Jan-2021 09:55:00 Asia/Kolkata] The access token has expired. for newjplus
[27-Jan-2021 09:55:44 Asia/Kolkata] The access token has expired. for newjplus
[27-Jan-2021 10:14:08 Asia/Kolkata] The access token has expired. for newjplus
[27-Jan-2021 10:32:22 Asia/Kolkata] The access token has expired. for newjplus
[27-Jan-2021 10:32:25 Asia/Kolkata] The access token has expired. for newjplus
[27-Jan-2021 10:34:54 Asia/Kolkata] The access token has expired. for newjplus
[27-Jan-2021 10:35:29 Asia/Kolkata] The access token has expired. for newjplus
[27-Jan-2021 10:35:44 Asia/Kolkata] The access token has expired. for newjplus
[27-Jan-2021 12:41:57 Asia/Kolkata] The access token has expired. for newjplus
[27-Jan-2021 12:41:58 Asia/Kolkata] The access token has expired. for newjplus
[27-Jan-2021 12:55:28 Asia/Kolkata] The access token has expired. for newjplus
[27-Jan-2021 12:57:02 Asia/Kolkata] The access token has expired. for newjplus
[27-Jan-2021 12:57:38 Asia/Kolkata] The access token has expired. for newjplus
[27-Jan-2021 12:58:13 Asia/Kolkata] The access token has expired. for newjplus
[27-Jan-2021 15:51:24 Asia/Kolkata] The access token has expired. for newjplus
[27-Jan-2021 15:51:32 Asia/Kolkata] Invalid credentials. for dm.thenewj@gmail.com
[27-Jan-2021 15:51:36 Asia/Kolkata] Invalid credentials. for dm.thenewj@gmail.com
[27-Jan-2021 15:52:17 Asia/Kolkata] Invalid credentials. for dm.thenewj@gmail.com
[27-Jan-2021 15:52:22 Asia/Kolkata] Invalid credentials. for newj@thenewj.com
[27-Jan-2021 15:53:11 Asia/Kolkata] Invalid credentials. for dm.thenewj@gmail.com
[27-Jan-2021 15:53:17 Asia/Kolkata] Invalid credentials. for newj@thenewj.com
[27-Jan-2021 15:53:19 Asia/Kolkata] Invalid credentials. for dm.thenewj@gmail.com
[27-Jan-2021 15:53:25 Asia/Kolkata] Invalid credentials. for newj@thenewj.com
[28-Jan-2021 09:23:18 Asia/Kolkata] The access token has expired. for newjplus
[28-Jan-2021 09:23:18 Asia/Kolkata] The access token has expired. for Tamil
[28-Jan-2021 09:23:18 Asia/Kolkata] The access token has expired. for Bangla
[28-Jan-2021 09:23:18 Asia/Kolkata] The access token has expired. for Kannada
[28-Jan-2021 09:23:18 Asia/Kolkata] The access token has expired. for Marathi
[28-Jan-2021 09:23:18 Asia/Kolkata] The access token has expired. for English
[28-Jan-2021 09:23:18 Asia/Kolkata] Invalid Authorization header format. for Marathi NEWJ
[28-Jan-2021 09:24:44 Asia/Kolkata] The access token has expired. for newjplus
[28-Jan-2021 09:24:44 Asia/Kolkata] The access token has expired. for Tamil
[28-Jan-2021 09:24:45 Asia/Kolkata] The access token has expired. for Bangla
[28-Jan-2021 09:24:45 Asia/Kolkata] The access token has expired. for Kannada
[28-Jan-2021 09:24:45 Asia/Kolkata] The access token has expired. for Marathi
[28-Jan-2021 09:24:45 Asia/Kolkata] The access token has expired. for English
[28-Jan-2021 09:24:45 Asia/Kolkata] Invalid Authorization header format. for Marathi NEWJ
[28-Jan-2021 09:24:46 Asia/Kolkata] The access token has expired. for newjplus
[28-Jan-2021 09:24:46 Asia/Kolkata] The access token has expired. for Tamil
[28-Jan-2021 09:24:46 Asia/Kolkata] The access token has expired. for Bangla
[28-Jan-2021 09:24:46 Asia/Kolkata] The access token has expired. for Kannada
[28-Jan-2021 09:24:46 Asia/Kolkata] The access token has expired. for Marathi
[28-Jan-2021 09:24:47 Asia/Kolkata] The access token has expired. for English
[28-Jan-2021 09:24:47 Asia/Kolkata] Invalid Authorization header format. for Marathi NEWJ
[28-Jan-2021 09:25:04 Asia/Kolkata] The access token has expired. for newjplus
[28-Jan-2021 09:25:04 Asia/Kolkata] The access token has expired. for Tamil
[28-Jan-2021 09:25:04 Asia/Kolkata] The access token has expired. for Bangla
[28-Jan-2021 09:25:04 Asia/Kolkata] The access token has expired. for Kannada
[28-Jan-2021 09:25:05 Asia/Kolkata] The access token has expired. for Marathi
[28-Jan-2021 09:25:05 Asia/Kolkata] The access token has expired. for English
[28-Jan-2021 09:25:05 Asia/Kolkata] Invalid Authorization header format. for Marathi NEWJ
[28-Jan-2021 09:25:06 Asia/Kolkata] The access token has expired. for newjplus
[28-Jan-2021 09:25:06 Asia/Kolkata] The access token has expired. for Tamil
[28-Jan-2021 09:25:06 Asia/Kolkata] The access token has expired. for Bangla
[28-Jan-2021 09:25:06 Asia/Kolkata] The access token has expired. for Kannada
[28-Jan-2021 09:25:07 Asia/Kolkata] The access token has expired. for Marathi
[28-Jan-2021 09:25:07 Asia/Kolkata] The access token has expired. for English
[28-Jan-2021 09:25:07 Asia/Kolkata] Invalid Authorization header format. for Marathi NEWJ
[28-Jan-2021 09:25:50 Asia/Kolkata] Invalid credentials. for dm.thenewj@gmail.com
[28-Jan-2021 09:25:55 Asia/Kolkata] Invalid credentials. for newj@thenewj.com
[28-Jan-2021 09:25:56 Asia/Kolkata] Invalid credentials. for dm.thenewj@gmail.com
[28-Jan-2021 09:26:01 Asia/Kolkata] Invalid credentials. for newj@thenewj.com
[28-Jan-2021 09:26:53 Asia/Kolkata] The access token has expired. for newjplus
[28-Jan-2021 09:26:55 Asia/Kolkata] Invalid Authorization header format. for Marathi NEWJ
[28-Jan-2021 09:27:36 Asia/Kolkata] The access token has expired. for newjplus
[28-Jan-2021 09:27:40 Asia/Kolkata] Invalid Authorization header format. for Marathi NEWJ
[28-Jan-2021 09:27:51 Asia/Kolkata] The access token has expired. for newjplus
[28-Jan-2021 09:27:54 Asia/Kolkata] Invalid Authorization header format. for Marathi NEWJ
[28-Jan-2021 09:27:54 Asia/Kolkata] The access token has expired. for newjplus
[28-Jan-2021 09:27:55 Asia/Kolkata] Invalid Authorization header format. for Marathi NEWJ
[28-Jan-2021 11:09:17 Asia/Kolkata] Invalid credentials. for dm.thenewj@gmail.com
[28-Jan-2021 11:09:21 Asia/Kolkata] Invalid credentials. for dm.thenewj@gmail.com
[28-Jan-2021 11:09:22 Asia/Kolkata] Invalid credentials. for newj@thenewj.com
[28-Jan-2021 11:09:26 Asia/Kolkata] Invalid credentials. for newj@thenewj.com
[28-Jan-2021 11:09:31 Asia/Kolkata] Invalid credentials. for dm.thenewj@gmail.com
[28-Jan-2021 11:09:36 Asia/Kolkata] Invalid credentials. for newj@thenewj.com
[28-Jan-2021 11:10:10 Asia/Kolkata] Invalid credentials. for dm.thenewj@gmail.com
[28-Jan-2021 15:53:52 Asia/Kolkata] Invalid credentials. for dm.thenewj@gmail.com
[28-Jan-2021 15:53:59 Asia/Kolkata] Invalid credentials. for dm.thenewj@gmail.com
[28-Jan-2021 16:04:40 Asia/Kolkata] Invalid credentials. for dm.thenewj@gmail.com
[28-Jan-2021 16:04:53 Asia/Kolkata] Invalid credentials. for dm.thenewj@gmail.com
[28-Jan-2021 16:06:04 Asia/Kolkata] Invalid credentials. for dm.thenewj@gmail.com
[28-Jan-2021 16:06:05 Asia/Kolkata] PHP Notice:  Array to string conversion in C:\xampp\htdocs\dailymotion\access-token.php on line 100
[28-Jan-2021 16:06:06 Asia/Kolkata] PHP Notice:  Array to string conversion in C:\xampp\htdocs\dailymotion\access-token.php on line 100
[28-Jan-2021 16:06:07 Asia/Kolkata] PHP Notice:  Array to string conversion in C:\xampp\htdocs\dailymotion\access-token.php on line 100
[28-Jan-2021 16:06:08 Asia/Kolkata] PHP Notice:  Array to string conversion in C:\xampp\htdocs\dailymotion\access-token.php on line 100
[28-Jan-2021 16:06:09 Asia/Kolkata] PHP Notice:  Array to string conversion in C:\xampp\htdocs\dailymotion\access-token.php on line 100
[28-Jan-2021 16:06:10 Asia/Kolkata] PHP Notice:  Array to string conversion in C:\xampp\htdocs\dailymotion\access-token.php on line 100
[28-Jan-2021 16:07:01 Asia/Kolkata] Invalid credentials. for dm.thenewj@gmail.com
[28-Jan-2021 16:07:10 Asia/Kolkata] Invalid credentials. for dm.thenewj@gmail.com
[28-Jan-2021 16:15:03 Asia/Kolkata] Invalid credentials. for dm.thenewj@gmail.com
[28-Jan-2021 16:15:10 Asia/Kolkata] PHP Warning:  Illegal string offset 'list' in C:\xampp\htdocs\dailymotion\access-token.php on line 99
[28-Jan-2021 16:15:10 Asia/Kolkata] PHP Warning:  array_key_exists() expects parameter 2 to be array, string given in C:\xampp\htdocs\dailymotion\access-token.php on line 99
[28-Jan-2021 16:15:44 Asia/Kolkata] Invalid credentials. for dm.thenewj@gmail.com
[28-Jan-2021 16:15:50 Asia/Kolkata] PHP Warning:  array_key_exists() expects parameter 2 to be array, string given in C:\xampp\htdocs\dailymotion\access-token.php on line 99
[28-Jan-2021 16:22:41 Asia/Kolkata] Invalid credentials. for dm.thenewj@gmail.com
[28-Jan-2021 16:22:47 Asia/Kolkata] PHP Warning:  array_key_exists() expects parameter 2 to be array, string given in C:\xampp\htdocs\dailymotion\access-token.php on line 99
[28-Jan-2021 16:23:10 Asia/Kolkata] Invalid credentials. for dm.thenewj@gmail.com
[28-Jan-2021 16:23:16 Asia/Kolkata] PHP Warning:  Illegal string offset 'list' in C:\xampp\htdocs\dailymotion\access-token.php on line 100
[28-Jan-2021 16:23:16 Asia/Kolkata] PHP Warning:  Invalid argument supplied for foreach() in C:\xampp\htdocs\dailymotion\access-token.php on line 100
[28-Jan-2021 16:23:33 Asia/Kolkata] Invalid credentials. for dm.thenewj@gmail.com
[28-Jan-2021 16:24:19 Asia/Kolkata] The access token has expired. for newjplus
[28-Jan-2021 16:24:22 Asia/Kolkata] The access token has expired. for newjplus
[28-Jan-2021 17:06:20 Asia/Kolkata] The access token has expired. for newjplus
[28-Jan-2021 17:10:45 Asia/Kolkata] The access token has expired. for newjplus
[28-Jan-2021 17:10:49 Asia/Kolkata] The access token has expired. for newjplus
[28-Jan-2021 17:17:48 Asia/Kolkata] The access token has expired. for newjplus
[28-Jan-2021 17:23:02 Asia/Kolkata] The access token has expired. for newjplus
[29-Jan-2021 10:35:30 Asia/Kolkata] The access token has expired. for newjplus
[29-Jan-2021 10:35:30 Asia/Kolkata] The access token has expired. for Tamil
[29-Jan-2021 10:35:30 Asia/Kolkata] The access token has expired. for Bangla
[29-Jan-2021 10:35:30 Asia/Kolkata] The access token has expired. for Kannada
[29-Jan-2021 10:35:30 Asia/Kolkata] The access token has expired. for Marathi
[29-Jan-2021 10:35:30 Asia/Kolkata] The access token has expired. for English
[29-Jan-2021 10:35:31 Asia/Kolkata] The access token has expired. for NEWJ
[29-Jan-2021 10:35:31 Asia/Kolkata] The access token has expired. for Kannada NEWJ
[29-Jan-2021 10:35:31 Asia/Kolkata] The access token has expired. for Marathi NEWJ
[29-Jan-2021 10:35:31 Asia/Kolkata] The access token has expired. for Bangla NEWJ
[29-Jan-2021 10:35:31 Asia/Kolkata] The access token has expired. for English NEWJ
[29-Jan-2021 10:35:31 Asia/Kolkata] The access token has expired. for Tamil NEWJ
[29-Jan-2021 10:36:05 Asia/Kolkata] Invalid credentials. for dm.thenewj@gmail.com
[29-Jan-2021 10:36:09 Asia/Kolkata] Invalid credentials. for dm.thenewj@gmail.com
[29-Jan-2021 10:37:58 Asia/Kolkata] Invalid credentials. for dm.thenewj@gmail.com
[29-Jan-2021 10:52:20 Asia/Kolkata] Invalid credentials. for dm.thenewj@gmail.com
[29-Jan-2021 10:59:50 Asia/Kolkata] Invalid credentials. for dm.thenewj@gmail.com
[29-Jan-2021 11:01:34 Asia/Kolkata] Invalid credentials. for dm.thenewj@gmail.com
[29-Jan-2021 11:01:44 Asia/Kolkata] Invalid credentials. for dm.thenewj@gmail.com
[29-Jan-2021 11:05:16 Asia/Kolkata] Invalid credentials. for dm.thenewj@gmail.com
[29-Jan-2021 11:07:11 Asia/Kolkata] Invalid credentials. for dm.thenewj@gmail.com
[29-Jan-2021 11:11:05 Asia/Kolkata] Invalid credentials. for dm.thenewj@gmail.com
[29-Jan-2021 11:11:40 Asia/Kolkata] Invalid credentials. for dm.thenewj@gmail.com
[29-Jan-2021 11:14:17 Asia/Kolkata] Invalid credentials. for dm.thenewj@gmail.com
[29-Jan-2021 11:14:52 Asia/Kolkata] Invalid credentials. for dm.thenewj@gmail.com
[29-Jan-2021 11:16:11 Asia/Kolkata] Invalid credentials. for dm.thenewj@gmail.com
[29-Jan-2021 11:16:37 Asia/Kolkata] Invalid credentials. for dm.thenewj@gmail.com
[29-Jan-2021 11:18:01 Asia/Kolkata] Invalid credentials. for dm.thenewj@gmail.com
[29-Jan-2021 11:19:04 Asia/Kolkata] Invalid credentials. for dm.thenewj@gmail.com
[29-Jan-2021 11:20:43 Asia/Kolkata] Invalid credentials. for dm.thenewj@gmail.com
[29-Jan-2021 11:20:57 Asia/Kolkata] Invalid credentials. for dm.thenewj@gmail.com
[29-Jan-2021 11:22:22 Asia/Kolkata] Invalid credentials. for dm.thenewj@gmail.com
[29-Jan-2021 11:23:11 Asia/Kolkata] Invalid credentials. for dm.thenewj@gmail.com
[29-Jan-2021 11:23:58 Asia/Kolkata] Invalid credentials. for dm.thenewj@gmail.com
[29-Jan-2021 11:26:34 Asia/Kolkata] Invalid credentials. for dm.thenewj@gmail.com
[29-Jan-2021 11:27:20 Asia/Kolkata] Invalid credentials. for dm.thenewj@gmail.com
[29-Jan-2021 11:27:40 Asia/Kolkata] Invalid credentials. for dm.thenewj@gmail.com
[29-Jan-2021 11:28:08 Asia/Kolkata] Invalid credentials. for dm.thenewj@gmail.com
[29-Jan-2021 11:28:47 Asia/Kolkata] Invalid credentials. for dm.thenewj@gmail.com
[29-Jan-2021 14:54:18 Asia/Kolkata] Invalid credentials. for dm.thenewj@gmail.com
[29-Jan-2021 14:55:21 Asia/Kolkata] Invalid credentials. for dm.thenewj@gmail.com
[29-Jan-2021 14:56:57 Asia/Kolkata] Invalid credentials. for dm.thenewj@gmail.com
[29-Jan-2021 14:57:25 Asia/Kolkata] Invalid credentials. for dm.thenewj@gmail.com
[29-Jan-2021 14:58:08 Asia/Kolkata] Invalid credentials. for dm.thenewj@gmail.com
[29-Jan-2021 14:59:02 Asia/Kolkata] Invalid credentials. for dm.thenewj@gmail.com
[29-Jan-2021 14:59:42 Asia/Kolkata] Invalid credentials. for dm.thenewj@gmail.com
[29-Jan-2021 15:00:10 Asia/Kolkata] Invalid credentials. for dm.thenewj@gmail.com
